<?xml version="1.0" encoding="UTF-8"?>
<!-- Generated by org.testng.reporters.JUnitReportReporter -->
<testsuite hostname="USER-PC" name="testNGPackage.TestNGPriority" tests="4" failures="0" timestamp="22 Aug 2018 10:57:55 GMT" time="0.004" errors="0">
  <testcase name="abc" time="0.001" classname="testNGPackage.TestNGPriority"/>
  <testcase name="xyz" time="0.001" classname="testNGPackage.TestNGPriority"/>
  <testcase name="XYZ" time="0.001" classname="testNGPackage.TestNGPriority"/>
  <testcase name="ABC" time="0.001" classname="testNGPackage.TestNGPriority"/>
</testsuite> <!-- testNGPackage.TestNGPriority -->
