<?xml version="1.0" encoding="UTF-8"?>
<!-- Generated by org.testng.reporters.JUnitReportReporter -->
<testsuite hostname="USER-PC" name="testNGPackage.TestNGAnnations" tests="1" failures="0" timestamp="20 Aug 2018 10:53:31 GMT" time="0.025" errors="0">
  <testcase name="test" time="0.025" classname="testNGPackage.TestNGAnnations"/>
</testsuite> <!-- testNGPackage.TestNGAnnations -->
