<?xml version="1.0" encoding="UTF-8"?>
<!-- Generated by org.testng.reporters.JUnitReportReporter -->
<testsuite hostname="USER-PC" name="testNGPackage.TestNGAnnations" tests="1" failures="0" timestamp="22 Aug 2018 10:57:55 GMT" time="0.000" errors="0">
  <testcase name="test" time="0.000" classname="testNGPackage.TestNGAnnations"/>
</testsuite> <!-- testNGPackage.TestNGAnnations -->
