<?xml version="1.0" encoding="UTF-8"?>
<!-- Generated by org.testng.reporters.JUnitReportReporter -->
<testsuite hostname="USER-PC" name="testNGPackage.TestNGDepencencys" tests="3" failures="0" timestamp="22 Aug 2018 10:57:55 GMT" time="10.049" errors="0">
  <testcase name="Launch_Application" time="9.893" classname="testNGPackage.TestNGDepencencys"/>
  <testcase name="Close" time="0.009" classname="testNGPackage.TestNGDepencencys"/>
  <testcase name="EnterUsername" time="0.147" classname="testNGPackage.TestNGDepencencys"/>
</testsuite> <!-- testNGPackage.TestNGDepencencys -->
