<?xml version="1.0" encoding="UTF-8"?>
<!-- Generated by org.testng.reporters.JUnitReportReporter -->
<testsuite hostname="USER-PC" name="testNGPackage.Class1" tests="1" failures="0" timestamp="22 Aug 2018 10:57:55 GMT" time="0.008" errors="0">
  <testcase name="OrangeHRM" time="0.008" classname="testNGPackage.Class1"/>
</testsuite> <!-- testNGPackage.Class1 -->
