<?xml version="1.0" encoding="UTF-8"?>
<!-- Generated by org.testng.reporters.JUnitReportReporter -->
<testsuite hostname="USER-PC" name="testNGPackage.Class1" tests="1" failures="0" timestamp="20 Aug 2018 11:06:26 GMT" time="0.018" errors="0">
  <testcase name="OrangeHRM" time="0.018" classname="testNGPackage.Class1"/>
</testsuite> <!-- testNGPackage.Class1 -->
