<?xml version="1.0" encoding="UTF-8"?>
<!-- Generated by org.testng.reporters.JUnitReportReporter -->
<testsuite hostname="gollas" name="POMFramework.RunnerClass" tests="1" failures="0" timestamp="27 Aug 2018 11:52:41 GMT" time="43.477" errors="0">
  <testcase name="TC101" time="43.477" classname="POMFramework.RunnerClass"/>
</testsuite> <!-- POMFramework.RunnerClass -->
