<?xml version="1.0" encoding="UTF-8"?>
<!-- Generated by org.testng.reporters.JUnitReportReporter -->
<testsuite hostname="USER-PC" name="testNGPackage.FirstTestNGCLASS" tests="2" failures="0" timestamp="20 Aug 2018 10:59:00 GMT" time="0.025" errors="0">
  <testcase name="TC102Facebook" time="0.005" classname="testNGPackage.FirstTestNGCLASS"/>
  <testcase name="TC101OrangeHRM" time="0.020" classname="testNGPackage.FirstTestNGCLASS"/>
</testsuite> <!-- testNGPackage.FirstTestNGCLASS -->
