<?xml version="1.0" encoding="UTF-8"?>
<!-- Generated by org.testng.reporters.JUnitReportReporter -->
<testsuite hostname="USER-PC" name="testNGPackage.TestNGGrouping" tests="3" failures="0" timestamp="22 Aug 2018 10:57:55 GMT" time="0.008" errors="0">
  <testcase name="test3" time="0.001" classname="testNGPackage.TestNGGrouping"/>
  <testcase name="test1" time="0.001" classname="testNGPackage.TestNGGrouping"/>
  <testcase name="test2" time="0.006" classname="testNGPackage.TestNGGrouping"/>
</testsuite> <!-- testNGPackage.TestNGGrouping -->
