<?xml version="1.0" encoding="UTF-8"?>
<!-- Generated by org.testng.reporters.JUnitReportReporter -->
<testsuite hostname="USER-PC" name="testNGPackage.Class2" tests="2" failures="0" timestamp="22 Aug 2018 10:57:55 GMT" time="0.007" errors="0">
  <testcase name="Facebook1" time="0.003" classname="testNGPackage.Class2"/>
  <testcase name="Facebook" time="0.004" classname="testNGPackage.Class2"/>
</testsuite> <!-- testNGPackage.Class2 -->
