<?xml version="1.0" encoding="UTF-8"?>
<!-- Generated by org.testng.reporters.JUnitReportReporter -->
<testsuite hostname="USER-PC" name="testNGPackage.Class2" tests="2" failures="0" timestamp="20 Aug 2018 11:06:26 GMT" time="0.003" errors="0">
  <testcase name="Facebook1" time="0.002" classname="testNGPackage.Class2"/>
  <testcase name="Facebook" time="0.001" classname="testNGPackage.Class2"/>
</testsuite> <!-- testNGPackage.Class2 -->
