<?xml version="1.0" encoding="UTF-8"?>
<!-- Generated by org.testng.reporters.JUnitReportReporter -->
<testsuite hostname="USER-PC" name="testNGPackage.FirstTestNGCLASS" tests="2" failures="0" timestamp="22 Aug 2018 10:57:55 GMT" time="0.009" errors="0">
  <testcase name="TC102Facebook" time="0.006" classname="testNGPackage.FirstTestNGCLASS"/>
  <testcase name="TC101OrangeHRM" time="0.003" classname="testNGPackage.FirstTestNGCLASS"/>
</testsuite> <!-- testNGPackage.FirstTestNGCLASS -->
