<?xml version="1.0" encoding="UTF-8"?>
<!-- Generated by org.testng.reporters.JUnitReportReporter -->
<testsuite hostname="USER-PC" name="testNGPackage.BAse" tests="1" failures="0" timestamp="20 Aug 2018 10:55:10 GMT" time="0.011" errors="0">
  <testcase name="test2" time="0.011" classname="testNGPackage.BAse"/>
</testsuite> <!-- testNGPackage.BAse -->
