<?xml version="1.0" encoding="UTF-8"?>
<!-- Generated by org.testng.reporters.JUnitReportReporter -->
<testsuite hostname="USER-PC" name="testNGPackage.TestNGinvication" tests="10" failures="0" timestamp="22 Aug 2018 10:57:55 GMT" time="0.013" errors="0">
  <testcase name="test1" time="0.001" classname="testNGPackage.TestNGinvication"/>
  <testcase name="test1" time="0.001" classname="testNGPackage.TestNGinvication"/>
  <testcase name="test1" time="0.001" classname="testNGPackage.TestNGinvication"/>
  <testcase name="test1" time="0.001" classname="testNGPackage.TestNGinvication"/>
  <testcase name="test1" time="0.001" classname="testNGPackage.TestNGinvication"/>
  <testcase name="test1" time="0.001" classname="testNGPackage.TestNGinvication"/>
  <testcase name="test1" time="0.001" classname="testNGPackage.TestNGinvication"/>
  <testcase name="test1" time="0.002" classname="testNGPackage.TestNGinvication"/>
  <testcase name="test1" time="0.004" classname="testNGPackage.TestNGinvication"/>
  <testcase name="test1" time="0.000" classname="testNGPackage.TestNGinvication"/>
</testsuite> <!-- testNGPackage.TestNGinvication -->
